<?xml version="1.0" encoding="UTF-8"?>
<!-- Generated by org.testng.reporters.JUnitReportReporter -->
<testsuite hostname="DESKTOP-TAIO5AR" failures="0" tests="2" name="tests.PropLoginPageTest" time="91.248" errors="0" timestamp="2021-12-29T15:47:21 IST" skipped="0">
  <testcase classname="tests.PropLoginPageTest" name="testCase2" time="1.958"/>
  <system-out/>
  <testcase classname="tests.PropLoginPageTest" name="testCase1" time="89.290"/>
  <system-out/>
</testsuite> <!-- tests.PropLoginPageTest -->
