<?xml version="1.0" encoding="UTF-8"?>
<!-- Generated by org.testng.reporters.JUnitReportReporter -->
<testsuite hostname="DESKTOP-TAIO5AR" failures="0" tests="2" name="tests.LoginPageTest" time="89.957" errors="0" timestamp="2021-12-28T15:33:51 IST" skipped="0">
  <testcase classname="tests.LoginPageTest" name="testCase2" time="11.558"/>
  <system-out/>
  <testcase classname="tests.LoginPageTest" name="testCase1" time="78.399"/>
  <system-out/>
</testsuite> <!-- tests.LoginPageTest -->
